<?xml version="1.0" encoding="UTF-8"?>
<testsuite xmlns:xsi="http://www.w3.org/2001/XMLSchema-instance" xsi:noNamespaceSchemaLocation="https://maven.apache.org/surefire/maven-surefire-plugin/xsd/surefire-test-report.xsd" name="com.mkw.hometax.index.WebRestControllerTest" time="0.014" tests="1" errors="0" skipped="1" failures="0">
  <properties>
[...]
</properties>
  <testcase name="webRestControllerTest" classname="com.mkw.hometax.index.WebRestControllerTest" time="0">
    <skipped message="TODO 개발예정"/>
    <system-out><![CDATA[2023-01-25 00:24:47.442  INFO 22828 --- [           main] .b.t.c.SpringBootTestContextBootstrapper : Neither @ContextConfiguration nor @ContextHierarchy found for test class [com.mkw.hometax.index.WebRestControllerTest], using SpringBootContextLoader
2023-01-25 00:24:47.443  INFO 22828 --- [           main] o.s.t.c.support.AbstractContextLoader    : Could not detect default resource locations for test class [com.mkw.hometax.index.WebRestControllerTest]: no resource found for suffixes {-context.xml, Context.groovy}.
2023-01-25 00:24:47.443  INFO 22828 --- [           main] t.c.s.AnnotationConfigContextLoaderUtils : Could not detect default configuration classes for test class [com.mkw.hometax.index.WebRestControllerTest]: WebRestControllerTest does not declare any static, non-private, non-final, nested classes annotated with @Configuration.
2023-01-25 00:24:47.447  INFO 22828 --- [           main] .b.t.c.SpringBootTestContextBootstrapper : Found @SpringBootConfiguration com.mkw.hometax.HometaxApplication for test class com.mkw.hometax.index.WebRestControllerTest
2023-01-25 00:24:47.450  INFO 22828 --- [           main] .b.t.c.SpringBootTestContextBootstrapper : Loaded default TestExecutionListener class names from location [META-INF/spring.factories]: [org.springframework.boot.test.mock.mockito.MockitoTestExecutionListener, org.springframework.boot.test.mock.mockito.ResetMocksTestExecutionListener, org.springframework.test.context.web.ServletTestExecutionListener, org.springframework.test.context.support.DirtiesContextBeforeModesTestExecutionListener, org.springframework.test.context.support.DependencyInjectionTestExecutionListener, org.springframework.test.context.support.DirtiesContextTestExecutionListener, org.springframework.test.context.transaction.TransactionalTestExecutionListener, org.springframework.test.context.jdbc.SqlScriptsTestExecutionListener, org.springframework.test.context.event.EventPublishingTestExecutionListener, org.springframework.boot.test.autoconfigure.restdocs.RestDocsTestExecutionListener, org.springframework.boot.test.autoconfigure.web.client.MockRestServiceServerResetTestExecutionListener, org.springframework.boot.test.autoconfigure.web.servlet.MockMvcPrintOnlyOnFailureTestExecutionListener, org.springframework.boot.test.autoconfigure.web.servlet.WebDriverTestExecutionListener, org.springframework.security.test.context.support.WithSecurityContextTestExecutionListener, org.springframework.security.test.context.support.ReactorContextTestExecutionListener]
2023-01-25 00:24:47.451  INFO 22828 --- [           main] .b.t.c.SpringBootTestContextBootstrapper : Using TestExecutionListeners: [org.springframework.test.context.web.ServletTestExecutionListener@5479abd8, org.springframework.test.context.support.DirtiesContextBeforeModesTestExecutionListener@2004f99, org.springframework.boot.test.mock.mockito.MockitoTestExecutionListener@d200d3e, org.springframework.boot.test.autoconfigure.SpringBootDependencyInjectionTestExecutionListener@39fbee74, org.springframework.test.context.support.DirtiesContextTestExecutionListener@20c5b5f8, org.springframework.test.context.transaction.TransactionalTestExecutionListener@20395afe, org.springframework.test.context.jdbc.SqlScriptsTestExecutionListener@2dfdea3a, org.springframework.test.context.event.EventPublishingTestExecutionListener@4b1339bf, org.springframework.security.test.context.support.WithSecurityContextTestExecutionListener@46f43f50, org.springframework.security.test.context.support.ReactorContextTestExecutionListener@2cf073da, org.springframework.boot.test.mock.mockito.ResetMocksTestExecutionListener@6e1ef044, org.springframework.boot.test.autoconfigure.restdocs.RestDocsTestExecutionListener@3c92f2f9, org.springframework.boot.test.autoconfigure.web.client.MockRestServiceServerResetTestExecutionListener@5b7b5484, org.springframework.boot.test.autoconfigure.web.servlet.MockMvcPrintOnlyOnFailureTestExecutionListener@743a9292, org.springframework.boot.test.autoconfigure.web.servlet.WebDriverTestExecutionListener@6dbfd081]
]]></system-out>
  </testcase>
</testsuite>